<?xml version="1.0" encoding="UTF-8"?>
<!-- Generated by org.testng.reporters.JUnitReportReporter -->
<testsuite hostname="Girishs-MacBook-Pro.local" failures="0" tests="1" name="apptests.OnBoardingAndPlayerSearch" time="24.868" errors="0" timestamp="10 Apr 2024 17:49:04 GMT" skipped="0">
  <testcase classname="apptests.OnBoardingAndPlayerSearch" name="appOnBoardingFlow" time="24.868"/>
</testsuite> <!-- apptests.OnBoardingAndPlayerSearch -->
